2023-09-20 17:28:43,966 - ERROR - An error occurred: Login failed. Check your credentials.
2023-09-20 17:29:25,243 - ERROR - An error occurred: Login failed. Check your credentials.
2023-09-20 17:29:51,236 - ERROR - An error occurred: Login failed. Check your credentials.
2023-09-20 17:29:56,654 - ERROR - An error occurred: Message: Failed to decode response from marionette

2023-09-20 17:34:31,394 - ERROR - WebDriver is not initialized.
2023-09-20 17:34:31,394 - ERROR - WebDriver is not initialized.
2023-09-20 17:34:53,230 - ERROR - An error occurred: Login failed. Check your credentials.
2023-09-20 17:34:53,230 - ERROR - An error occurred: Login failed. Check your credentials.
2023-09-20 17:34:53,230 - ERROR - An error occurred: Login failed. Check your credentials.
2023-09-20 17:34:53,230 - ERROR - An error occurred: Login failed. Check your credentials.
2023-09-20 17:35:02,881 - ERROR - An error occurred: Login failed. Check your credentials.
2023-09-20 17:35:02,881 - ERROR - An error occurred: Login failed. Check your credentials.
2023-09-20 17:35:02,881 - ERROR - An error occurred: Login failed. Check your credentials.
2023-09-20 17:35:02,881 - ERROR - An error occurred: Login failed. Check your credentials.
2023-09-20 17:35:02,881 - ERROR - An error occurred: Login failed. Check your credentials.
2023-09-20 17:36:53,076 - ERROR - WebDriver is not initialized.
2023-09-20 17:36:53,076 - ERROR - WebDriver is not initialized.
2023-09-20 17:37:15,814 - ERROR - WebDriverException: Message: Browsing context has been discarded
Stacktrace:
RemoteError@chrome://remote/content/shared/RemoteError.sys.mjs:8:8
WebDriverError@chrome://remote/content/shared/webdriver/Errors.sys.mjs:188:5
NoSuchWindowError@chrome://remote/content/shared/webdriver/Errors.sys.mjs:614:5
assert.that/<@chrome://remote/content/shared/webdriver/Assert.sys.mjs:485:13
assert.open@chrome://remote/content/shared/webdriver/Assert.sys.mjs:147:4
GeckoDriver.prototype.findElement@chrome://remote/content/marionette/driver.sys.mjs:1496:15
despatch@chrome://remote/content/marionette/server.sys.mjs:318:40
execute@chrome://remote/content/marionette/server.sys.mjs:289:16
onPacket/<@chrome://remote/content/marionette/server.sys.mjs:262:20
onPacket@chrome://remote/content/marionette/server.sys.mjs:263:9
_onJSONObjectReady/<@chrome://remote/content/marionette/transport.sys.mjs:494:20

2023-09-20 17:37:15,814 - ERROR - WebDriverException: Message: Browsing context has been discarded
Stacktrace:
RemoteError@chrome://remote/content/shared/RemoteError.sys.mjs:8:8
WebDriverError@chrome://remote/content/shared/webdriver/Errors.sys.mjs:188:5
NoSuchWindowError@chrome://remote/content/shared/webdriver/Errors.sys.mjs:614:5
assert.that/<@chrome://remote/content/shared/webdriver/Assert.sys.mjs:485:13
assert.open@chrome://remote/content/shared/webdriver/Assert.sys.mjs:147:4
GeckoDriver.prototype.findElement@chrome://remote/content/marionette/driver.sys.mjs:1496:15
despatch@chrome://remote/content/marionette/server.sys.mjs:318:40
execute@chrome://remote/content/marionette/server.sys.mjs:289:16
onPacket/<@chrome://remote/content/marionette/server.sys.mjs:262:20
onPacket@chrome://remote/content/marionette/server.sys.mjs:263:9
_onJSONObjectReady/<@chrome://remote/content/marionette/transport.sys.mjs:494:20

2023-09-20 17:37:15,814 - ERROR - WebDriverException: Message: Browsing context has been discarded
Stacktrace:
RemoteError@chrome://remote/content/shared/RemoteError.sys.mjs:8:8
WebDriverError@chrome://remote/content/shared/webdriver/Errors.sys.mjs:188:5
NoSuchWindowError@chrome://remote/content/shared/webdriver/Errors.sys.mjs:614:5
assert.that/<@chrome://remote/content/shared/webdriver/Assert.sys.mjs:485:13
assert.open@chrome://remote/content/shared/webdriver/Assert.sys.mjs:147:4
GeckoDriver.prototype.findElement@chrome://remote/content/marionette/driver.sys.mjs:1496:15
despatch@chrome://remote/content/marionette/server.sys.mjs:318:40
execute@chrome://remote/content/marionette/server.sys.mjs:289:16
onPacket/<@chrome://remote/content/marionette/server.sys.mjs:262:20
onPacket@chrome://remote/content/marionette/server.sys.mjs:263:9
_onJSONObjectReady/<@chrome://remote/content/marionette/transport.sys.mjs:494:20

2023-09-20 17:37:15,814 - ERROR - WebDriverException: Message: Browsing context has been discarded
Stacktrace:
RemoteError@chrome://remote/content/shared/RemoteError.sys.mjs:8:8
WebDriverError@chrome://remote/content/shared/webdriver/Errors.sys.mjs:188:5
NoSuchWindowError@chrome://remote/content/shared/webdriver/Errors.sys.mjs:614:5
assert.that/<@chrome://remote/content/shared/webdriver/Assert.sys.mjs:485:13
assert.open@chrome://remote/content/shared/webdriver/Assert.sys.mjs:147:4
GeckoDriver.prototype.findElement@chrome://remote/content/marionette/driver.sys.mjs:1496:15
despatch@chrome://remote/content/marionette/server.sys.mjs:318:40
execute@chrome://remote/content/marionette/server.sys.mjs:289:16
onPacket/<@chrome://remote/content/marionette/server.sys.mjs:262:20
onPacket@chrome://remote/content/marionette/server.sys.mjs:263:9
_onJSONObjectReady/<@chrome://remote/content/marionette/transport.sys.mjs:494:20

